0 info it worked if it ends with ok
1 verbose cli [ 'D:\\windows\\nodejs\\node.exe',
1 verbose cli   'D:\\windows\\nodejs\\node_modules\\npm\\bin\\npm-cli.js',
1 verbose cli   'test' ]
2 info using npm@4.0.5
3 info using node@v7.4.0
4 verbose run-script [ 'pretest', 'test', 'posttest' ]
5 info lifecycle angular-myself@1.0.0~pretest: angular-myself@1.0.0
6 silly lifecycle angular-myself@1.0.0~pretest: no script for pretest, continuing
7 info lifecycle angular-myself@1.0.0~test: angular-myself@1.0.0
8 verbose lifecycle angular-myself@1.0.0~test: unsafe-perm in lifecycle true
9 verbose lifecycle angular-myself@1.0.0~test: PATH: D:\windows\nodejs\node_modules\npm\bin\node-gyp-bin;D:\angular\angular-myself\node_modules\.bin;D:\windows\sass\Ruby23-x64\bin;C:\ProgramData\Oracle\Java\javapath;C:\Program Files (x86)\AMD APP\bin\x86_64;C:\Program Files (x86)\AMD APP\bin\x86;C:\Windows\system32;C:\Windows;C:\Windows\System32\Wbem;C:\Windows\System32\WindowsPowerShell\v1.0\;C:\Program Files\Lenovo\Bluetooth Software\;C:\Program Files\Lenovo\Bluetooth Software\syswow64;C:\Program Files (x86)\ATI Technologies\ATI.ACE\Core-Static;D:\windows\nodejs\;D:\windows\git\Git\cmd;C:\Program Files (x86)\Windows Kits\8.1\Windows Performance Toolkit\;C:\Program Files\Microsoft SQL Server\120\Tools\Binn\;C:\Program Files\Microsoft SQL Server\130\Tools\Binn\;C:\Program Files\dotnet\;C:\Program Files\Microsoft DNX\Dnvm\;C:\Users\jc\.dnx\bin;D:\windows\Microsoft VS Code\bin;C:\Users\jc\AppData\Roaming\npm
10 verbose lifecycle angular-myself@1.0.0~test: CWD: D:\angular\angular-myself
11 silly lifecycle angular-myself@1.0.0~test: Args: [ '/d /s /c', 'karma start karma.conf.js' ]
12 verbose stack Error: kill ENOSYS
12 verbose stack     at exports._errnoException (util.js:1022:11)
12 verbose stack     at process.kill (internal/process.js:173:13)
12 verbose stack     at process.listener (D:\windows\nodejs\node_modules\npm\node_modules\npmlog\node_modules\gauge\node_modules\signal-exit\index.js:86:15)
12 verbose stack     at emitNone (events.js:91:20)
12 verbose stack     at process.emit (events.js:185:7)
12 verbose stack     at processEmit (D:\windows\nodejs\node_modules\npm\node_modules\npmlog\node_modules\gauge\node_modules\signal-exit\index.js:146:32)
12 verbose stack     at processEmit (D:\windows\nodejs\node_modules\npm\node_modules\npm-registry-client\node_modules\npmlog\node_modules\gauge\node_modules\signal-exit\index.js:146:32)
12 verbose stack     at Signal.wrap.onsignal (internal/process.js:200:44)
13 verbose cwd D:\angular\angular-myself
14 error Windows_NT 6.1.7601
15 error argv "D:\\windows\\nodejs\\node.exe" "D:\\windows\\nodejs\\node_modules\\npm\\bin\\npm-cli.js" "test"
16 error node v7.4.0
17 error npm  v4.0.5
18 error code ENOSYS
19 error errno ENOSYS
20 error syscall kill
21 error kill ENOSYS
22 error If you need help, you may report this error at:
22 error     <https://github.com/npm/npm/issues>
23 verbose exit [ 1, true ]
